0 info it worked if it ends with ok
1 verbose cli [ '/usr/local/bin/node',
1 verbose cli   '/usr/local/bin/npm',
1 verbose cli   'install',
1 verbose cli   '-g',
1 verbose cli   'angular/cli' ]
2 info using npm@2.14.12
3 info using node@v4.3.2
4 verbose install initial load of /usr/local/lib/package.json
5 verbose readDependencies loading dependencies from /usr/local/lib/package.json
6 silly cache add args [ 'angular/cli', null ]
7 verbose cache add spec angular/cli
8 silly cache add parsed spec Result {
8 silly cache add   raw: 'angular/cli',
8 silly cache add   scope: null,
8 silly cache add   name: null,
8 silly cache add   rawSpec: 'angular/cli',
8 silly cache add   spec: 'github:angular/cli',
8 silly cache add   type: 'hosted',
8 silly cache add   hosted:
8 silly cache add    { type: 'github',
8 silly cache add      ssh: 'git@github.com:angular/cli.git',
8 silly cache add      sshUrl: 'git+ssh://git@github.com/angular/cli.git',
8 silly cache add      httpsUrl: 'git+https://github.com/angular/cli.git',
8 silly cache add      gitUrl: 'git://github.com/angular/cli.git',
8 silly cache add      shortcut: 'github:angular/cli',
8 silly cache add      directUrl: 'https://raw.githubusercontent.com/angular/cli/master/package.json' } }
9 verbose addRemoteGit caching angular/cli
10 verbose addRemoteGit angular/cli is a repository hosted by github
11 silly tryGitProto attempting to clone git://github.com/angular/cli.git
12 silly tryClone cloning angular/cli via git://github.com/angular/cli.git
13 verbose tryClone git-github-com-angular-cli-git-028cdd37 not in flight; caching
14 info git [ 'clone',
14 info git   '--template=/Users/yashwanth/.npm/_git-remotes/_templates',
14 info git   '--mirror',
14 info git   'git://github.com/angular/cli.git',
14 info git   '/Users/yashwanth/.npm/_git-remotes/git-github-com-angular-cli-git-028cdd37' ]
15 verbose git clone --template=/Users/yashwanth/.npm/_git-remotes/_templates --mirror git://github.com/angular/cli.git /Users/yashwanth/.npm/_git-remotes/git-github-com-angular-cli-git-028cdd37: Cloning into bare repository '/Users/yashwanth/.npm/_git-remotes/git-github-com-angular-cli-git-028cdd37'...
15 verbose git clone --template=/Users/yashwanth/.npm/_git-remotes/_templates --mirror git://github.com/angular/cli.git /Users/yashwanth/.npm/_git-remotes/git-github-com-angular-cli-git-028cdd37: fatal: remote error:
15 verbose git clone --template=/Users/yashwanth/.npm/_git-remotes/_templates --mirror git://github.com/angular/cli.git /Users/yashwanth/.npm/_git-remotes/git-github-com-angular-cli-git-028cdd37:   Repository not found.
16 silly tryHTTPS attempting to clone git+https://github.com/angular/cli.git
17 silly tryClone cloning angular/cli via git+https://github.com/angular/cli.git
18 verbose tryClone https-github-com-angular-cli-git-1a238959 not in flight; caching
19 info git [ 'clone',
19 info git   '--template=/Users/yashwanth/.npm/_git-remotes/_templates',
19 info git   '--mirror',
19 info git   'https://github.com/angular/cli.git',
19 info git   '/Users/yashwanth/.npm/_git-remotes/https-github-com-angular-cli-git-1a238959' ]
20 verbose git clone --template=/Users/yashwanth/.npm/_git-remotes/_templates --mirror https://github.com/angular/cli.git /Users/yashwanth/.npm/_git-remotes/https-github-com-angular-cli-git-1a238959: Cloning into bare repository '/Users/yashwanth/.npm/_git-remotes/https-github-com-angular-cli-git-1a238959'...
20 verbose git clone --template=/Users/yashwanth/.npm/_git-remotes/_templates --mirror https://github.com/angular/cli.git /Users/yashwanth/.npm/_git-remotes/https-github-com-angular-cli-git-1a238959: remote: Invalid username or password.
20 verbose git clone --template=/Users/yashwanth/.npm/_git-remotes/_templates --mirror https://github.com/angular/cli.git /Users/yashwanth/.npm/_git-remotes/https-github-com-angular-cli-git-1a238959: fatal: Authentication failed for 'https://github.com/angular/cli.git/'
21 silly trySSH attempting to clone git@github.com:angular/cli.git
22 silly tryClone cloning angular/cli via git@github.com:angular/cli.git
23 verbose tryClone git-github-com-angular-cli-git-9789f947 not in flight; caching
24 info git [ 'clone',
24 info git   '--template=/Users/yashwanth/.npm/_git-remotes/_templates',
24 info git   '--mirror',
24 info git   'git@github.com:angular/cli.git',
24 info git   '/Users/yashwanth/.npm/_git-remotes/git-github-com-angular-cli-git-9789f947' ]
25 error git clone --template=/Users/yashwanth/.npm/_git-remotes/_templates --mirror git@github.com:angular/cli.git /Users/yashwanth/.npm/_git-remotes/git-github-com-angular-cli-git-9789f947: Cloning into bare repository '/Users/yashwanth/.npm/_git-remotes/git-github-com-angular-cli-git-9789f947'...
25 error git clone --template=/Users/yashwanth/.npm/_git-remotes/_templates --mirror git@github.com:angular/cli.git /Users/yashwanth/.npm/_git-remotes/git-github-com-angular-cli-git-9789f947: Warning: Permanently added 'github.com,192.30.255.113' (RSA) to the list of known hosts.
25 error git clone --template=/Users/yashwanth/.npm/_git-remotes/_templates --mirror git@github.com:angular/cli.git /Users/yashwanth/.npm/_git-remotes/git-github-com-angular-cli-git-9789f947: Permission denied (publickey).
25 error git clone --template=/Users/yashwanth/.npm/_git-remotes/_templates --mirror git@github.com:angular/cli.git /Users/yashwanth/.npm/_git-remotes/git-github-com-angular-cli-git-9789f947: fatal: Could not read from remote repository.
25 error git clone --template=/Users/yashwanth/.npm/_git-remotes/_templates --mirror git@github.com:angular/cli.git /Users/yashwanth/.npm/_git-remotes/git-github-com-angular-cli-git-9789f947:
25 error git clone --template=/Users/yashwanth/.npm/_git-remotes/_templates --mirror git@github.com:angular/cli.git /Users/yashwanth/.npm/_git-remotes/git-github-com-angular-cli-git-9789f947: Please make sure you have the correct access rights
25 error git clone --template=/Users/yashwanth/.npm/_git-remotes/_templates --mirror git@github.com:angular/cli.git /Users/yashwanth/.npm/_git-remotes/git-github-com-angular-cli-git-9789f947: and the repository exists.
26 verbose stack Error: Command failed: git clone --template=/Users/yashwanth/.npm/_git-remotes/_templates --mirror git@github.com:angular/cli.git /Users/yashwanth/.npm/_git-remotes/git-github-com-angular-cli-git-9789f947
26 verbose stack Cloning into bare repository '/Users/yashwanth/.npm/_git-remotes/git-github-com-angular-cli-git-9789f947'...
26 verbose stack Warning: Permanently added 'github.com,192.30.255.113' (RSA) to the list of known hosts.
26 verbose stack Permission denied (publickey).
26 verbose stack fatal: Could not read from remote repository.
26 verbose stack
26 verbose stack Please make sure you have the correct access rights
26 verbose stack and the repository exists.
26 verbose stack
26 verbose stack     at ChildProcess.exithandler (child_process.js:213:12)
26 verbose stack     at emitTwo (events.js:87:13)
26 verbose stack     at ChildProcess.emit (events.js:172:7)
26 verbose stack     at maybeClose (internal/child_process.js:821:16)
26 verbose stack     at Process.ChildProcess._handle.onexit (internal/child_process.js:211:5)
27 verbose cwd /Users/yashwanth/Desktop/zikher/angular-spotify-master/src/app
28 error Darwin 16.6.0
29 error argv "/usr/local/bin/node" "/usr/local/bin/npm" "install" "-g" "angular/cli"
30 error node v4.3.2
31 error npm  v2.14.12
32 error code 128
33 error Command failed: git clone --template=/Users/yashwanth/.npm/_git-remotes/_templates --mirror git@github.com:angular/cli.git /Users/yashwanth/.npm/_git-remotes/git-github-com-angular-cli-git-9789f947
33 error Cloning into bare repository '/Users/yashwanth/.npm/_git-remotes/git-github-com-angular-cli-git-9789f947'...
33 error Warning: Permanently added 'github.com,192.30.255.113' (RSA) to the list of known hosts.
33 error Permission denied (publickey).
33 error fatal: Could not read from remote repository.
33 error
33 error Please make sure you have the correct access rights
33 error and the repository exists.
34 error If you need help, you may report this error at:
34 error     <https://github.com/npm/npm/issues>
35 verbose exit [ 1, true ]
